Determining if the pthread_create exist failed with the following output:
Change Dir: /media/lsw/CS/codeing/fabu_quantity_framework/ADAS_caffe/cmake/CMakeFiles/CMakeTmp

Run Build Command:"/usr/bin/make" "cmTC_a23f4/fast"
/usr/bin/make -f CMakeFiles/cmTC_a23f4.dir/build.make CMakeFiles/cmTC_a23f4.dir/build
make[1]: Entering directory '/media/lsw/CS/codeing/fabu_quantity_framework/ADAS_caffe/cmake/CMakeFiles/CMakeTmp'
Building C object CMakeFiles/cmTC_a23f4.dir/CheckSymbolExists.c.o
/usr/bin/cc     -o CMakeFiles/cmTC_a23f4.dir/CheckSymbolExists.c.o   -c /media/lsw/CS/codeing/fabu_quantity_framework/ADAS_caffe/cmake/CMakeFiles/CMakeTmp/CheckSymbolExists.c
Linking C executable cmTC_a23f4
/usr/bin/cmake -E cmake_link_script CMakeFiles/cmTC_a23f4.dir/link.txt --verbose=1
/usr/bin/cc       CMakeFiles/cmTC_a23f4.dir/CheckSymbolExists.c.o  -o cmTC_a23f4 -rdynamic 
CMakeFiles/cmTC_a23f4.dir/CheckSymbolExists.c.o: In function `main':
CheckSymbolExists.c:(.text+0x16): undefined reference to `pthread_create'
collect2: error: ld returned 1 exit status
CMakeFiles/cmTC_a23f4.dir/build.make:97: recipe for target 'cmTC_a23f4' failed
make[1]: *** [cmTC_a23f4] Error 1
make[1]: Leaving directory '/media/lsw/CS/codeing/fabu_quantity_framework/ADAS_caffe/cmake/CMakeFiles/CMakeTmp'
Makefile:126: recipe for target 'cmTC_a23f4/fast' failed
make: *** [cmTC_a23f4/fast] Error 2

File /media/lsw/CS/codeing/fabu_quantity_framework/ADAS_caffe/cmake/CMakeFiles/CMakeTmp/CheckSymbolExists.c:
/* */
#include <pthread.h>

int main(int argc, char** argv)
{
  (void)argv;
#ifndef pthread_create
  return ((int*)(&pthread_create))[argc];
#else
  (void)argc;
  return 0;
#endif
}

Determining if the function pthread_create exists in the pthreads failed with the following output:
Change Dir: /media/lsw/CS/codeing/fabu_quantity_framework/ADAS_caffe/cmake/CMakeFiles/CMakeTmp

Run Build Command:"/usr/bin/make" "cmTC_b9fbf/fast"
/usr/bin/make -f CMakeFiles/cmTC_b9fbf.dir/build.make CMakeFiles/cmTC_b9fbf.dir/build
make[1]: Entering directory '/media/lsw/CS/codeing/fabu_quantity_framework/ADAS_caffe/cmake/CMakeFiles/CMakeTmp'
Building C object CMakeFiles/cmTC_b9fbf.dir/CheckFunctionExists.c.o
/usr/bin/cc    -DCHECK_FUNCTION_EXISTS=pthread_create   -o CMakeFiles/cmTC_b9fbf.dir/CheckFunctionExists.c.o   -c /usr/share/cmake-3.5/Modules/CheckFunctionExists.c
Linking C executable cmTC_b9fbf
/usr/bin/cmake -E cmake_link_script CMakeFiles/cmTC_b9fbf.dir/link.txt --verbose=1
/usr/bin/cc   -DCHECK_FUNCTION_EXISTS=pthread_create    CMakeFiles/cmTC_b9fbf.dir/CheckFunctionExists.c.o  -o cmTC_b9fbf -rdynamic -lpthreads 
/usr/bin/ld: cannot find -lpthreads
collect2: error: ld returned 1 exit status
CMakeFiles/cmTC_b9fbf.dir/build.make:97: recipe for target 'cmTC_b9fbf' failed
make[1]: *** [cmTC_b9fbf] Error 1
make[1]: Leaving directory '/media/lsw/CS/codeing/fabu_quantity_framework/ADAS_caffe/cmake/CMakeFiles/CMakeTmp'
Makefile:126: recipe for target 'cmTC_b9fbf/fast' failed
make: *** [cmTC_b9fbf/fast] Error 2


